#
# There is insufficient memory for the Java Runtime Environment to continue.
# Native memory allocation (malloc) failed to allocate 1048576 bytes for AllocateHeap
# Possible reasons:
#   The system is out of physical RAM or swap space
#   In 32 bit mode, the process size limit was hit
# Possible solutions:
#   Reduce memory load on the system
#   Increase physical memory or swap space
#   Check if swap backing store is full
#   Use 64 bit Java on a 64 bit OS
#   Decrease Java heap size (-Xmx/-Xms)
#   Decrease number of Java threads
#   Decrease Java thread stack sizes (-Xss)
#   Set larger code cache with -XX:ReservedCodeCacheSize=
# This output file may be truncated or incomplete.
#
#  Out of Memory Error (memory/allocation.inline.hpp:61), pid=15752, tid=0x00000000000008ac
#
# JRE version:  (8.0_144-b01) (build )
# Java VM: Java HotSpot(TM) 64-Bit Server VM (25.144-b01 mixed mode windows-amd64 compressed oops)
# Failed to write core dump. Minidumps are not enabled by default on client versions of Windows
#

---------------  T H R E A D  ---------------

Current thread (0x0000000004664000):  JavaThread "Unknown thread" [_thread_in_vm, id=2220, stack(0x0000000004460000,0x0000000004560000)]

Stack: [0x0000000004460000,0x0000000004560000]
[error occurred during error reporting (printing stack bounds), id 0xc0000005]

Native frames: (J=compiled Java code, j=interpreted, Vv=VM code, C=native code)


---------------  P R O C E S S  ---------------

Java Threads: ( => current thread )

Other Threads:

=>0x0000000004664000 (exited) JavaThread "Unknown thread" [_thread_in_vm, id=2220, stack(0x0000000004460000,0x0000000004560000)]

VM state:not at safepoint (normal execution)

VM Mutex/Monitor currently owned by a thread: None

Heap:
 PSYoungGen      total 75776K, used 1300K [0x000000076b780000, 0x0000000770c00000, 0x00000007c0000000)
  eden space 65024K, 2% used [0x000000076b780000,0x000000076b8c51f8,0x000000076f700000)
  from space 10752K, 0% used [0x0000000770180000,0x0000000770180000,0x0000000770c00000)
  to   space 10752K, 0% used [0x000000076f700000,0x000000076f700000,0x0000000770180000)
 ParOldGen       total 173568K, used 0K [0x00000006c2600000, 0x00000006ccf80000, 0x000000076b780000)
  object space 173568K, 0% used [0x00000006c2600000,0x00000006c2600000,0x00000006ccf80000)
 Metaspace       used 746K, capacity 4480K, committed 4480K, reserved 1056768K
  class space    used 75K, capacity 384K, committed 384K, reserved 1048576K

Card table byte_map: [0x0000000013b20000,0x0000000014310000] byte_map_base: 0x000000001050d000

Marking Bits: (ParMarkBitMap*) 0x0000000054c5d850
 Begin Bits: [0x0000000015060000, 0x0000000018fc8000)
 End Bits:   [0x0000000018fc8000, 0x000000001cf30000)

Polling page: 0x0000000002720000

CodeCache: size=245760Kb used=328Kb max_used=328Kb free=245431Kb
 bounds [0x0000000004760000, 0x00000000049d0000, 0x0000000013760000]
 total_blobs=58 nmethods=0 adapters=38
 compilation: enabled

Compilation events (0 events):
No events

GC Heap History (0 events):
No events

Deoptimization events (0 events):
No events

Internal exceptions (0 events):
No events

Events (10 events):
Event: 0.025 loading class java/lang/Short
Event: 0.025 loading class java/lang/Short done
Event: 0.025 loading class java/lang/Integer
Event: 0.025 loading class java/lang/Integer done
Event: 0.025 loading class java/lang/Long
Event: 0.025 loading class java/lang/Long done
Event: 0.026 loading class java/lang/NullPointerException
Event: 0.026 loading class java/lang/NullPointerException done
Event: 0.026 loading class java/lang/ArithmeticException
Event: 0.026 loading class java/lang/ArithmeticException done


Dynamic libraries:
0x00007ff737a00000 - 0x00007ff737a37000 	C:\ProgramData\Oracle\Java\javapath\java.exe
0x00007ffa8cdf0000 - 0x00007ffa8cfd0000 	C:\WINDOWS\SYSTEM32\ntdll.dll
0x00007ffa8ac80000 - 0x00007ffa8ad2e000 	C:\WINDOWS\System32\KERNEL32.DLL
0x00007ffa89440000 - 0x00007ffa896a6000 	C:\WINDOWS\System32\KERNELBASE.dll
0x00007ffa8b280000 - 0x00007ffa8b321000 	C:\WINDOWS\System32\ADVAPI32.dll
0x00007ffa8b040000 - 0x00007ffa8b0dd000 	C:\WINDOWS\System32\msvcrt.dll
0x00007ffa8cd60000 - 0x00007ffa8cdbb000 	C:\WINDOWS\System32\sechost.dll
0x00007ffa8a350000 - 0x00007ffa8a46f000 	C:\WINDOWS\System32\RPCRT4.dll
0x00007ffa8a730000 - 0x00007ffa8a8bf000 	C:\WINDOWS\System32\USER32.dll
0x00007ffa8a100000 - 0x00007ffa8a120000 	C:\WINDOWS\System32\win32u.dll
0x00007ffa8a5f0000 - 0x00007ffa8a618000 	C:\WINDOWS\System32\GDI32.dll
0x00007ffa8a120000 - 0x00007ffa8a2b3000 	C:\WINDOWS\System32\gdi32full.dll
0x00007ffa891f0000 - 0x00007ffa8928b000 	C:\WINDOWS\System32\msvcp_win.dll
0x00007ffa89290000 - 0x00007ffa89386000 	C:\WINDOWS\System32\ucrtbase.dll
0x00007ffa7aed0000 - 0x00007ffa7b139000 	C:\WINDOWS\WinSxS\amd64_microsoft.windows.common-controls_6595b64144ccf1df_6.0.16299.125_none_15cbcf8893620c09\COMCTL32.dll
0x00007ffa8ad30000 - 0x00007ffa8b038000 	C:\WINDOWS\System32\combase.dll
0x00007ffa8a020000 - 0x00007ffa8a092000 	C:\WINDOWS\System32\bcryptPrimitives.dll
0x00007ffa8a2c0000 - 0x00007ffa8a2ed000 	C:\WINDOWS\System32\IMM32.DLL
0x00000000541b0000 - 0x0000000054282000 	C:\Program Files\Java\jre1.8.0_144\bin\msvcr100.dll
0x0000000054440000 - 0x0000000054cdd000 	C:\Program Files\Java\jre1.8.0_144\bin\server\jvm.dll
0x00007ffa8a5e0000 - 0x00007ffa8a5e8000 	C:\WINDOWS\System32\PSAPI.DLL
0x00007ffa7b8b0000 - 0x00007ffa7b8b9000 	C:\WINDOWS\SYSTEM32\WSOCK32.dll
0x00007ffa8b200000 - 0x00007ffa8b26c000 	C:\WINDOWS\System32\WS2_32.dll
0x00007ffa7fa40000 - 0x00007ffa7fa63000 	C:\WINDOWS\SYSTEM32\WINMM.dll
0x00007ffa839a0000 - 0x00007ffa839aa000 	C:\WINDOWS\SYSTEM32\VERSION.dll
0x00007ffa7f8a0000 - 0x00007ffa7f8ca000 	C:\WINDOWS\SYSTEM32\winmmbase.dll
0x00007ffa89e00000 - 0x00007ffa89e4a000 	C:\WINDOWS\System32\cfgmgr32.dll
0x0000000054430000 - 0x000000005443f000 	C:\Program Files\Java\jre1.8.0_144\bin\verify.dll
0x0000000054400000 - 0x0000000054429000 	C:\Program Files\Java\jre1.8.0_144\bin\java.dll
0x00000000543e0000 - 0x00000000543f6000 	C:\Program Files\Java\jre1.8.0_144\bin\zip.dll

VM Arguments:
jvm_args: -Xverify:none -XX:TieredStopAtLevel=1 
java_command: first.micronaut.Application
java_class_path (initial): D:\IntelijWS\MICRONAUT\first-micronaut\target\classes;C:\Users\SCE\.m2\repository\io\micronaut\micronaut-inject\1.0.1\micronaut-inject-1.0.1.jar;C:\Users\SCE\.m2\repository\javax\inject\javax.inject\1\javax.inject-1.jar;C:\Users\SCE\.m2\repository\io\micronaut\micronaut-core\1.0.1\micronaut-core-1.0.1.jar;C:\Users\SCE\.m2\repository\org\reactivestreams\reactive-streams\1.0.1\reactive-streams-1.0.1.jar;C:\Users\SCE\.m2\repository\com\google\code\findbugs\jsr305\3.0.2\jsr305-3.0.2.jar;C:\Users\SCE\.m2\repository\org\yaml\snakeyaml\1.23\snakeyaml-1.23.jar;C:\Users\SCE\.m2\repository\javax\annotation\javax.annotation-api\1.3.2\javax.annotation-api-1.3.2.jar;C:\Users\SCE\.m2\repository\io\micronaut\micronaut-validation\1.0.1\micronaut-validation-1.0.1.jar;C:\Users\SCE\.m2\repository\org\slf4j\slf4j-api\1.7.25\slf4j-api-1.7.25.jar;C:\Users\SCE\.m2\repository\io\micronaut\micronaut-http\1.0.1\micronaut-http-1.0.1.jar;C:\Users\SCE\.m2\repository\javax\validation\validation-api\2.0.1.Final\validation-api-2.0.1.Final.jar;C:\Users\SCE\.m2\repository\io\micronaut\micronaut-runtime\1.0.1\micronaut-runtime-1.0.1.jar;C:\Users\SCE\.m2\repository\io\micronaut\micronaut-aop\1.0.1\micronaut-aop-1.0.1.jar;C:\Users\SCE\.m2\repository\com\fasterxml\jackson\core\jackson-databind\2.9.7\jackson-databind-2.9.7.jar;C:\Users\SCE\.m2\repository\com\fasterxml\jackson\core\jackson-annotations\2.9.7\jackson-annotations-2.9.7.jar;C:\Users\SCE\.m2\repository\com\fasterxml\jackson\core\jackson-core\2.9.7\jackson-core-2.9.7.jar;C:\Users\SCE\.m2\repository\io\reactivex\rxjava2\rxjava\2.2.2\rxjava-2.2.2.jar;C:\Users\SCE\.m2\repository\com\fasterxml\jackson\datatype\jackson-datatype-jdk8\2.9.7\jackson-datatype-jdk8-2.9.7.jar;C:\Users\SCE\.m2\repository\com\fasterxml\jackson\datatype\jackson-datatype-jsr310\2.9.7\jackson-datatype-jsr310-2.9.7.jar;C:\Users\SCE\.m2\repository\io\micronaut\micronaut-http-client\1.0.1\micronaut-http-client-1.0.1.jar;C:\Users\SCE\.m2\repository\io\
Launcher Type: SUN_STANDARD

Environment Variables:
JAVA_HOME=C:\dev\java\jdk1.8.0_144
USERNAME=SCE
OS=Windows_NT
PROCESSOR_IDENTIFIER=Intel64 Family 6 Model 158 Stepping 9, GenuineIntel



---------------  S Y S T E M  ---------------

OS: Windows 10.0 , 64 bit Build 16299 (10.0.16299.15)

CPU:total 8 (initial active 8) (4 cores per cpu, 2 threads per core) family 6 model 158 stepping 9, cmov, cx8, fxsr, mmx, sse, sse2, sse3, ssse3, sse4.1, sse4.2, popcnt, avx, avx2, aes, clmul, erms, 3dnowpref, lzcnt, ht, tsc, tscinvbit, bmi1, bmi2, adx

Memory: 4k page, physical 16619912k(3426376k free), swap 21739912k(5332k free)

vm_info: Java HotSpot(TM) 64-Bit Server VM (25.144-b01) for windows-amd64 JRE (1.8.0_144-b01), built on Jul 21 2017 21:57:33 by "java_re" with MS VC++ 10.0 (VS2010)

time: Fri Dec 14 16:35:49 2018
elapsed time: 0 seconds (0d 0h 0m 0s)

